<?xml version="1.0" encoding="UTF-8"?>
<testsuites>
  <testsuite name="D:\Screenshots\Project Sem 8\certi\phpunit.xml" tests="37" assertions="58" errors="0" failures="0" skipped="5" time="1.465685">
    <testsuite name="Unit Tests" tests="26" assertions="46" errors="0" failures="0" skipped="1" time="0.934612">
      <testsuite name="Tests\Unit\AuthTest" file="D:\Screenshots\Project Sem 8\certi\backend\tests\unit\AuthTest.php" tests="4" assertions="8" errors="0" failures="0" skipped="0" time="0.567530">
        <testcase name="test_login_withValidCredentials_returnsUser" file="D:\Screenshots\Project Sem 8\certi\backend\tests\unit\AuthTest.php" line="13" class="Tests\Unit\AuthTest" classname="Tests.Unit.AuthTest" assertions="3" time="0.230454"/>
        <testcase name="test_login_withInvalidPassword_returnsNull" file="D:\Screenshots\Project Sem 8\certi\backend\tests\unit\AuthTest.php" line="28" class="Tests\Unit\AuthTest" classname="Tests.Unit.AuthTest" assertions="1" time="0.222311"/>
        <testcase name="test_generateToken_andVerifyToken_roundTrip" file="D:\Screenshots\Project Sem 8\certi\backend\tests\unit\AuthTest.php" line="41" class="Tests\Unit\AuthTest" classname="Tests.Unit.AuthTest" assertions="3" time="0.113091"/>
        <testcase name="test_verifyToken_withMalformedToken_returnsNull" file="D:\Screenshots\Project Sem 8\certi\backend\tests\unit\AuthTest.php" line="57" class="Tests\Unit\AuthTest" classname="Tests.Unit.AuthTest" assertions="1" time="0.001674"/>
      </testsuite>
      <testsuite name="Tests\Unit\BlockchainTest" file="D:\Screenshots\Project Sem 8\certi\backend\tests\unit\BlockchainTest.php" tests="3" assertions="4" errors="0" failures="0" skipped="1" time="0.168076">
        <testcase name="test_verifyCertificate_whenDisconnected_returnsFalse" file="D:\Screenshots\Project Sem 8\certi\backend\tests\unit\BlockchainTest.php" line="13" class="Tests\Unit\BlockchainTest" classname="Tests.Unit.BlockchainTest" assertions="1" time="0.114809"/>
        <testcase name="test_generateCombinedHash_returnsKeccak" file="D:\Screenshots\Project Sem 8\certi\backend\tests\unit\BlockchainTest.php" line="22" class="Tests\Unit\BlockchainTest" classname="Tests.Unit.BlockchainTest" assertions="2" time="0.007180"/>
        <testcase name="test_issueCertificate_inMockMode_returnsSuccess" file="D:\Screenshots\Project Sem 8\certi\backend\tests\unit\BlockchainTest.php" line="34" class="Tests\Unit\BlockchainTest" classname="Tests.Unit.BlockchainTest" assertions="1" time="0.046087">
          <skipped/>
        </testcase>
      </testsuite>
      <testsuite name="Tests\Unit\CacheTest" file="D:\Screenshots\Project Sem 8\certi\backend\tests\unit\CacheTest.php" tests="3" assertions="5" errors="0" failures="0" skipped="0" time="0.043200">
        <testcase name="test_setAndGet_returnsStoredValue" file="D:\Screenshots\Project Sem 8\certi\backend\tests\unit\CacheTest.php" line="13" class="Tests\Unit\CacheTest" classname="Tests.Unit.CacheTest" assertions="1" time="0.017506"/>
        <testcase name="test_delete_removesValue" file="D:\Screenshots\Project Sem 8\certi\backend\tests\unit\CacheTest.php" line="24" class="Tests\Unit\CacheTest" classname="Tests.Unit.CacheTest" assertions="2" time="0.006069"/>
        <testcase name="test_remember_cachesCallbackResult" file="D:\Screenshots\Project Sem 8\certi\backend\tests\unit\CacheTest.php" line="35" class="Tests\Unit\CacheTest" classname="Tests.Unit.CacheTest" assertions="2" time="0.019626"/>
      </testsuite>
      <testsuite name="Tests\Unit\CertificateServiceTest" file="D:\Screenshots\Project Sem 8\certi\backend\tests\unit\CertificateServiceTest.php" tests="2" assertions="3" errors="0" failures="0" skipped="0" time="0.068653">
        <testcase name="test_verifyCertificate_withoutHash_delegatesToEngine" file="D:\Screenshots\Project Sem 8\certi\backend\tests\unit\CertificateServiceTest.php" line="14" class="Tests\Unit\CertificateServiceTest" classname="Tests.Unit.CertificateServiceTest" assertions="1" time="0.051592"/>
        <testcase name="test_verifyUploadedPDF_withInvalidUpload_returnsError" file="D:\Screenshots\Project Sem 8\certi\backend\tests\unit\CertificateServiceTest.php" line="29" class="Tests\Unit\CertificateServiceTest" classname="Tests.Unit.CertificateServiceTest" assertions="2" time="0.017061"/>
      </testsuite>
      <testsuite name="Tests\Unit\ComparisonEngineTest" file="D:\Screenshots\Project Sem 8\certi\backend\tests\unit\ComparisonEngineTest.php" tests="1" assertions="1" errors="0" failures="0" skipped="0" time="0.000415">
        <testcase name="test_placeholder" file="D:\Screenshots\Project Sem 8\certi\backend\tests\unit\ComparisonEngineTest.php" line="12" class="Tests\Unit\ComparisonEngineTest" classname="Tests.Unit.ComparisonEngineTest" assertions="1" time="0.000415"/>
      </testsuite>
      <testsuite name="Tests\Unit\DatabaseTest" file="D:\Screenshots\Project Sem 8\certi\backend\tests\unit\DatabaseTest.php" tests="1" assertions="1" errors="0" failures="0" skipped="0" time="0.001638">
        <testcase name="test_getInstance_returnsStubbedInstance" file="D:\Screenshots\Project Sem 8\certi\backend\tests\unit\DatabaseTest.php" line="13" class="Tests\Unit\DatabaseTest" classname="Tests.Unit.DatabaseTest" assertions="1" time="0.001638"/>
      </testsuite>
      <testsuite name="Tests\Unit\MetadataServiceTest" file="D:\Screenshots\Project Sem 8\certi\backend\tests\unit\MetadataServiceTest.php" tests="3" assertions="7" errors="0" failures="0" skipped="0" time="0.007099">
        <testcase name="test_buildMetadata_normalizesFields" file="D:\Screenshots\Project Sem 8\certi\backend\tests\unit\MetadataServiceTest.php" line="13" class="Tests\Unit\MetadataServiceTest" classname="Tests.Unit.MetadataServiceTest" assertions="3" time="0.002141"/>
        <testcase name="test_generateMetadataHash_returnsKeccak" file="D:\Screenshots\Project Sem 8\certi\backend\tests\unit\MetadataServiceTest.php" line="30" class="Tests\Unit\MetadataServiceTest" classname="Tests.Unit.MetadataServiceTest" assertions="2" time="0.003158"/>
        <testcase name="test_compareMetadata_detectsDifferences" file="D:\Screenshots\Project Sem 8\certi\backend\tests\unit\MetadataServiceTest.php" line="42" class="Tests\Unit\MetadataServiceTest" classname="Tests.Unit.MetadataServiceTest" assertions="2" time="0.001800"/>
      </testsuite>
      <testsuite name="Tests\Unit\PDFServiceTest" file="D:\Screenshots\Project Sem 8\certi\backend\tests\unit\PDFServiceTest.php" tests="3" assertions="5" errors="0" failures="0" skipped="0" time="0.012698">
        <testcase name="test_calculatePDFHash_returnsKeccakHash" file="D:\Screenshots\Project Sem 8\certi\backend\tests\unit\PDFServiceTest.php" line="13" class="Tests\Unit\PDFServiceTest" classname="Tests.Unit.PDFServiceTest" assertions="2" time="0.005900"/>
        <testcase name="test_extractMetadata_whenFileMissing_returnsNull" file="D:\Screenshots\Project Sem 8\certi\backend\tests\unit\PDFServiceTest.php" line="28" class="Tests\Unit\PDFServiceTest" classname="Tests.Unit.PDFServiceTest" assertions="1" time="0.002200"/>
        <testcase name="test_extractMetadata_readsEmbeddedJson" file="D:\Screenshots\Project Sem 8\certi\backend\tests\unit\PDFServiceTest.php" line="37" class="Tests\Unit\PDFServiceTest" classname="Tests.Unit.PDFServiceTest" assertions="2" time="0.004598"/>
      </testsuite>
      <testsuite name="Tests\Unit\PublicVerificationServiceTest" file="D:\Screenshots\Project Sem 8\certi\backend\tests\unit\PublicVerificationServiceTest.php" tests="2" assertions="4" errors="0" failures="0" skipped="0" time="0.025040">
        <testcase name="test_verifyPublic_withoutInput_returnsError" file="D:\Screenshots\Project Sem 8\certi\backend\tests\unit\PublicVerificationServiceTest.php" line="13" class="Tests\Unit\PublicVerificationServiceTest" classname="Tests.Unit.PublicVerificationServiceTest" assertions="2" time="0.015276"/>
        <testcase name="test_verifyPublic_withInvalidFileType_returnsError" file="D:\Screenshots\Project Sem 8\certi\backend\tests\unit\PublicVerificationServiceTest.php" line="25" class="Tests\Unit\PublicVerificationServiceTest" classname="Tests.Unit.PublicVerificationServiceTest" assertions="2" time="0.009764"/>
      </testsuite>
      <testsuite name="Tests\Unit\SignatureServiceTest" file="D:\Screenshots\Project Sem 8\certi\backend\tests\unit\SignatureServiceTest.php" tests="2" assertions="4" errors="0" failures="0" skipped="0" time="0.007897">
        <testcase name="test_signPDF_withMissingFile_returnsFalse" file="D:\Screenshots\Project Sem 8\certi\backend\tests\unit\SignatureServiceTest.php" line="13" class="Tests\Unit\SignatureServiceTest" classname="Tests.Unit.SignatureServiceTest" assertions="1" time="0.004006"/>
        <testcase name="test_verifySignature_withMissingFile_returnsNotFoundResult" file="D:\Screenshots\Project Sem 8\certi\backend\tests\unit\SignatureServiceTest.php" line="22" class="Tests\Unit\SignatureServiceTest" classname="Tests.Unit.SignatureServiceTest" assertions="3" time="0.003891"/>
      </testsuite>
      <testsuite name="Tests\Unit\VerificationEngineTest" file="D:\Screenshots\Project Sem 8\certi\backend\tests\unit\VerificationEngineTest.php" tests="2" assertions="4" errors="0" failures="0" skipped="0" time="0.032366">
        <testcase name="test_verifyUploadedPDF_withNoMetadata_returnsInvalid" file="D:\Screenshots\Project Sem 8\certi\backend\tests\unit\VerificationEngineTest.php" line="13" class="Tests\Unit\VerificationEngineTest" classname="Tests.Unit.VerificationEngineTest" assertions="2" time="0.020962"/>
        <testcase name="test_verifyByCertificateId_withUnknownId_returnsNotFound" file="D:\Screenshots\Project Sem 8\certi\backend\tests\unit\VerificationEngineTest.php" line="28" class="Tests\Unit\VerificationEngineTest" classname="Tests.Unit.VerificationEngineTest" assertions="2" time="0.011404"/>
      </testsuite>
    </testsuite>
    <testsuite name="Integration Tests" tests="11" assertions="12" errors="0" failures="0" skipped="4" time="0.531073">
      <testsuite name="Tests\Integration\AuthTest" file="D:\Screenshots\Project Sem 8\certi\backend\tests\integration\AuthTest.php" tests="1" assertions="2" errors="0" failures="0" skipped="0" time="0.227374">
        <testcase name="test_register_then_login_roundTrip" file="D:\Screenshots\Project Sem 8\certi\backend\tests\integration\AuthTest.php" line="13" class="Tests\Integration\AuthTest" classname="Tests.Integration.AuthTest" assertions="2" time="0.227374"/>
      </testsuite>
      <testsuite name="Tests\Integration\BlockchainTest" file="D:\Screenshots\Project Sem 8\certi\backend\tests\integration\BlockchainTest.php" tests="1" assertions="1" errors="0" failures="0" skipped="0" time="0.008129">
        <testcase name="test_generateCertificateHash_returnsHashString" file="D:\Screenshots\Project Sem 8\certi\backend\tests\integration\BlockchainTest.php" line="13" class="Tests\Integration\BlockchainTest" classname="Tests.Integration.BlockchainTest" assertions="1" time="0.008129"/>
      </testsuite>
      <testsuite name="Tests\Integration\CacheTest" file="D:\Screenshots\Project Sem 8\certi\backend\tests\integration\CacheTest.php" tests="1" assertions="1" errors="0" failures="0" skipped="0" time="0.002891">
        <testcase name="test_flush_clearsCache" file="D:\Screenshots\Project Sem 8\certi\backend\tests\integration\CacheTest.php" line="13" class="Tests\Integration\CacheTest" classname="Tests.Integration.CacheTest" assertions="1" time="0.002891"/>
      </testsuite>
      <testsuite name="Tests\Integration\CertificateServiceTest" file="D:\Screenshots\Project Sem 8\certi\backend\tests\integration\CertificateServiceTest.php" tests="2" assertions="0" errors="0" failures="0" skipped="2" time="0.002667">
        <testcase name="test_updateCertificate_updatesCourseName" file="D:\Screenshots\Project Sem 8\certi\backend\tests\integration\CertificateServiceTest.php" line="13" class="Tests\Integration\CertificateServiceTest" classname="Tests.Integration.CertificateServiceTest" assertions="0" time="0.001487">
          <skipped/>
        </testcase>
        <testcase name="test_deleteCertificate_removesRecord" file="D:\Screenshots\Project Sem 8\certi\backend\tests\integration\CertificateServiceTest.php" line="21" class="Tests\Integration\CertificateServiceTest" classname="Tests.Integration.CertificateServiceTest" assertions="0" time="0.001180">
          <skipped/>
        </testcase>
      </testsuite>
      <testsuite name="Tests\Integration\ComparisonEngineTest" file="D:\Screenshots\Project Sem 8\certi\backend\tests\integration\ComparisonEngineTest.php" tests="1" assertions="0" errors="0" failures="0" skipped="1" time="0.001074">
        <testcase name="test_comparePDFWithDatabase_whenDataMatches_returnsMatch" file="D:\Screenshots\Project Sem 8\certi\backend\tests\integration\ComparisonEngineTest.php" line="14" class="Tests\Integration\ComparisonEngineTest" classname="Tests.Integration.ComparisonEngineTest" assertions="0" time="0.001074">
          <skipped/>
        </testcase>
      </testsuite>
      <testsuite name="Tests\Integration\MetadataServiceTest" file="D:\Screenshots\Project Sem 8\certi\backend\tests\integration\MetadataServiceTest.php" tests="1" assertions="2" errors="0" failures="0" skipped="0" time="0.001028">
        <testcase name="test_normalizeMetadata_sortsKeys" file="D:\Screenshots\Project Sem 8\certi\backend\tests\integration\MetadataServiceTest.php" line="13" class="Tests\Integration\MetadataServiceTest" classname="Tests.Integration.MetadataServiceTest" assertions="2" time="0.001028"/>
      </testsuite>
      <testsuite name="Tests\Integration\PDFServiceTest" file="D:\Screenshots\Project Sem 8\certi\backend\tests\integration\PDFServiceTest.php" tests="1" assertions="1" errors="0" failures="0" skipped="0" time="0.002419">
        <testcase name="test_getPDFPath_returnsFilesystemPath" file="D:\Screenshots\Project Sem 8\certi\backend\tests\integration\PDFServiceTest.php" line="13" class="Tests\Integration\PDFServiceTest" classname="Tests.Integration.PDFServiceTest" assertions="1" time="0.002419"/>
      </testsuite>
      <testsuite name="Tests\Integration\PublicVerificationServiceTest" file="D:\Screenshots\Project Sem 8\certi\backend\tests\integration\PublicVerificationServiceTest.php" tests="1" assertions="3" errors="0" failures="0" skipped="0" time="0.155745">
        <testcase name="test_verifyPublic_withCertificateId_returnsStoredCertificate" file="D:\Screenshots\Project Sem 8\certi\backend\tests\integration\PublicVerificationServiceTest.php" line="13" class="Tests\Integration\PublicVerificationServiceTest" classname="Tests.Integration.PublicVerificationServiceTest" assertions="3" time="0.155745"/>
      </testsuite>
      <testsuite name="Tests\Integration\SignatureServiceTest" file="D:\Screenshots\Project Sem 8\certi\backend\tests\integration\SignatureServiceTest.php" tests="1" assertions="0" errors="0" failures="0" skipped="1" time="0.014429">
        <testcase name="test_generateUniversityKeyPair_persistsKeyRecord" file="D:\Screenshots\Project Sem 8\certi\backend\tests\integration\SignatureServiceTest.php" line="13" class="Tests\Integration\SignatureServiceTest" classname="Tests.Integration.SignatureServiceTest" assertions="0" time="0.014429">
          <skipped/>
        </testcase>
      </testsuite>
      <testsuite name="Tests\Integration\VerificationEngineTest" file="D:\Screenshots\Project Sem 8\certi\backend\tests\integration\VerificationEngineTest.php" tests="1" assertions="2" errors="0" failures="0" skipped="0" time="0.115317">
        <testcase name="test_verifyByCertificateId_withStoredRecord_returnsInvalid" file="D:\Screenshots\Project Sem 8\certi\backend\tests\integration\VerificationEngineTest.php" line="13" class="Tests\Integration\VerificationEngineTest" classname="Tests.Integration.VerificationEngineTest" assertions="2" time="0.115317"/>
      </testsuite>
    </testsuite>
  </testsuite>
</testsuites>
